This file contains any messages produced by compilers while
running configure, to aid debugging if configure makes a mistake.

It was created by configure, which was
generated by GNU Autoconf 2.63.  Invocation command line was

  $ ./configure --build=aarch64-unknown-linux-gnu

## --------- ##
## Platform. ##
## --------- ##

hostname = amdliantai
uname -m = aarch64
uname -r = 5.4.0-144-generic
uname -s = Linux
uname -v = #161-Ubuntu SMP Fri Feb 3 14:48:57 UTC 2023

/usr/bin/uname -p = aarch64
/bin/uname -X     = unknown

/bin/arch              = aarch64
/usr/bin/arch -k       = unknown
/usr/convex/getsysinfo = unknown
/usr/bin/hostinfo      = unknown
/bin/machine           = unknown
/usr/bin/oslevel       = unknown
/bin/universe          = unknown

PATH: /usr/local/sbin
PATH: /usr/local/bin
PATH: /usr/sbin
PATH: /usr/bin
PATH: /sbin
PATH: /bin
PATH: /usr/games
PATH: /usr/local/games
PATH: /snap/bin


## ----------- ##
## Core tests. ##
## ----------- ##

configure:2142: checking for pkg-config
configure:2160: found /usr/bin/pkg-config
configure:2172: result: /usr/bin/pkg-config
configure:2197: checking pkg-config is at least version 0.9.0
configure:2200: result: yes
configure:2263: checking for gcc
configure:2279: found /usr/local/bin/gcc
configure:2290: result: gcc
configure:2522: checking for C compiler version
configure:2530: gcc --version >&5
gcc (GCC) 10.4.0
Copyright (C) 2020 Free Software Foundation, Inc.
This is free software; see the source for copying conditions.  There is NO
warranty; not even for MERCHANTABILITY or FITNESS FOR A PARTICULAR PURPOSE.

configure:2534: $? = 0
configure:2541: gcc -v >&5
Using built-in specs.
COLLECT_GCC=gcc
COLLECT_LTO_WRAPPER=/usr/local/libexec/gcc/aarch64-unknown-linux-gnu/10.4.0/lto-wrapper
Target: aarch64-unknown-linux-gnu
Configured with: ./configure --build=aarch64-unknown-linux-gnu
Thread model: posix
Supported LTO compression algorithms: zlib
gcc version 10.4.0 (GCC) 
configure:2545: $? = 0
configure:2552: gcc -V >&5
gcc: error: unrecognized command-line option '-V'
gcc: fatal error: no input files
compilation terminated.
configure:2556: $? = 1
configure:2579: checking for C compiler default output file name
configure:2601: gcc    conftest.c  >&5
configure:2605: $? = 0
configure:2643: result: a.out
configure:2662: checking whether the C compiler works
configure:2672: ./a.out
configure:2676: $? = 0
configure:2695: result: yes
configure:2702: checking whether we are cross compiling
configure:2704: result: no
configure:2707: checking for suffix of executables
configure:2714: gcc -o conftest    conftest.c  >&5
configure:2718: $? = 0
configure:2744: result: 
configure:2750: checking for suffix of object files
configure:2776: gcc -c   conftest.c >&5
configure:2780: $? = 0
configure:2805: result: o
configure:2809: checking whether we are using the GNU C compiler
configure:2838: gcc -c   conftest.c >&5
configure:2845: $? = 0
configure:2862: result: yes
configure:2871: checking whether gcc accepts -g
configure:2901: gcc -c -g  conftest.c >&5
configure:2908: $? = 0
configure:3009: result: yes
configure:3026: checking for gcc option to accept ISO C89
configure:3100: gcc  -c -g -O2  conftest.c >&5
configure:3107: $? = 0
configure:3130: result: none needed
configure:3206: checking for g++
configure:3222: found /usr/local/bin/g++
configure:3233: result: g++
configure:3260: checking for C++ compiler version
configure:3268: g++ --version >&5
g++ (GCC) 10.4.0
Copyright (C) 2020 Free Software Foundation, Inc.
This is free software; see the source for copying conditions.  There is NO
warranty; not even for MERCHANTABILITY or FITNESS FOR A PARTICULAR PURPOSE.

configure:3272: $? = 0
configure:3279: g++ -v >&5
Using built-in specs.
COLLECT_GCC=g++
COLLECT_LTO_WRAPPER=/usr/local/libexec/gcc/aarch64-unknown-linux-gnu/10.4.0/lto-wrapper
Target: aarch64-unknown-linux-gnu
Configured with: ./configure --build=aarch64-unknown-linux-gnu
Thread model: posix
Supported LTO compression algorithms: zlib
gcc version 10.4.0 (GCC) 
configure:3283: $? = 0
configure:3290: g++ -V >&5
g++: error: unrecognized command-line option '-V'
g++: fatal error: no input files
compilation terminated.
configure:3294: $? = 1
configure:3297: checking whether we are using the GNU C++ compiler
configure:3326: g++ -c   conftest.cpp >&5
configure:3333: $? = 0
configure:3350: result: yes
configure:3359: checking whether g++ accepts -g
configure:3389: g++ -c -g  conftest.cpp >&5
configure:3396: $? = 0
configure:3497: result: yes
configure:3597: PTLib version is 2.8.0
configure:3777: checking build system type
configure:3795: result: aarch64-unknown-linux-gnu
configure:3817: checking host system type
configure:3832: result: aarch64-unknown-linux-gnu
configure:3854: checking target system type
configure:3869: result: aarch64-unknown-linux-gnu
configure:3913: checking for swab
configure:3969: g++ -o conftest -g -O2   conftest.cpp  >&5
configure:3976: $? = 0
configure:3996: result: yes
configure:4980: WARNING: "CPU aarch64 not recognized - proceed with caution!"
configure:4984: OSTYPE set to linux
configure:4986: OSRELEASE set to "5.4.0-144-generic"
configure:4988: MACHTYPE set to aarch64
configure:5038: gcc version is 10.4.0
configure:5044: checking checking if pragma implementation should be used
configure:5056: result: no
configure:5060: checking checking if precompiled headers available
configure:5073: result: yes
configure:5108: checking how to run the C++ preprocessor
configure:5144: g++ -E  conftest.cpp
configure:5151: $? = 0
configure:5182: g++ -E  conftest.cpp
conftest.cpp:16:10: fatal error: ac_nonexistent.h: No such file or directory
   16 | #include <ac_nonexistent.h>
      |          ^~~~~~~~~~~~~~~~~~
compilation terminated.
configure:5189: $? = 1
configure: failed program was:
| /* confdefs.h.  */
| #define PACKAGE_NAME ""
| #define PACKAGE_TARNAME ""
| #define PACKAGE_VERSION ""
| #define PACKAGE_STRING ""
| #define PACKAGE_BUGREPORT ""
| #define PTLIB_MAJOR 2
| #define PTLIB_MINOR 8
| #define PTLIB_BUILD 0
| #define PTLIB_VERSION "2.8.0"
| #define P_PTHREADS 1
| #define USE_SYSTEM_SWAB /**/
| #define P_LINUX "5.4.0-144-generic"
| #define P_SHAREDLIBEXT $SHAREDLIBEXT
| /* end confdefs.h.  */
| #include <ac_nonexistent.h>
configure:5222: result: g++ -E
configure:5251: g++ -E  conftest.cpp
configure:5258: $? = 0
configure:5289: g++ -E  conftest.cpp
conftest.cpp:16:10: fatal error: ac_nonexistent.h: No such file or directory
   16 | #include <ac_nonexistent.h>
      |          ^~~~~~~~~~~~~~~~~~
compilation terminated.
configure:5296: $? = 1
configure: failed program was:
| /* confdefs.h.  */
| #define PACKAGE_NAME ""
| #define PACKAGE_TARNAME ""
| #define PACKAGE_VERSION ""
| #define PACKAGE_STRING ""
| #define PACKAGE_BUGREPORT ""
| #define PTLIB_MAJOR 2
| #define PTLIB_MINOR 8
| #define PTLIB_BUILD 0
| #define PTLIB_VERSION "2.8.0"
| #define P_PTHREADS 1
| #define USE_SYSTEM_SWAB /**/
| #define P_LINUX "5.4.0-144-generic"
| #define P_SHAREDLIBEXT $SHAREDLIBEXT
| /* end confdefs.h.  */
| #include <ac_nonexistent.h>
configure:5336: checking for grep that handles long lines and -e
configure:5396: result: /usr/bin/grep
configure:5401: checking for egrep
configure:5465: result: /usr/bin/grep -E
configure:5470: checking for ANSI C header files
configure:5500: g++ -c -g -O2  conftest.cpp >&5
configure:5507: $? = 0
configure:5606: g++ -o conftest -g -O2   conftest.cpp  >&5
configure:5610: $? = 0
configure:5616: ./conftest
configure:5620: $? = 0
configure:5638: result: yes
configure:5662: checking for sys/types.h
configure:5683: g++ -c -g -O2  conftest.cpp >&5
configure:5690: $? = 0
configure:5707: result: yes
configure:5662: checking for sys/stat.h
configure:5683: g++ -c -g -O2  conftest.cpp >&5
configure:5690: $? = 0
configure:5707: result: yes
configure:5662: checking for stdlib.h
configure:5683: g++ -c -g -O2  conftest.cpp >&5
configure:5690: $? = 0
configure:5707: result: yes
configure:5662: checking for string.h
configure:5683: g++ -c -g -O2  conftest.cpp >&5
configure:5690: $? = 0
configure:5707: result: yes
configure:5662: checking for memory.h
configure:5683: g++ -c -g -O2  conftest.cpp >&5
configure:5690: $? = 0
configure:5707: result: yes
configure:5662: checking for strings.h
configure:5683: g++ -c -g -O2  conftest.cpp >&5
configure:5690: $? = 0
configure:5707: result: yes
configure:5662: checking for inttypes.h
configure:5683: g++ -c -g -O2  conftest.cpp >&5
configure:5690: $? = 0
configure:5707: result: yes
configure:5662: checking for stdint.h
configure:5683: g++ -c -g -O2  conftest.cpp >&5
configure:5690: $? = 0
configure:5707: result: yes
configure:5662: checking for unistd.h
configure:5683: g++ -c -g -O2  conftest.cpp >&5
configure:5690: $? = 0
configure:5707: result: yes
configure:5722: checking whether byte ordering is bigendian
configure:5747: g++ -c -g -O2  conftest.cpp >&5
conftest.cpp:27:9: error: expected unqualified-id before 'not' token
   27 |         not a universal capable compiler
      |         ^~~
configure:5754: $? = 1
configure: failed program was:
| /* confdefs.h.  */
| #define PACKAGE_NAME ""
| #define PACKAGE_TARNAME ""
| #define PACKAGE_VERSION ""
| #define PACKAGE_STRING ""
| #define PACKAGE_BUGREPORT ""
| #define PTLIB_MAJOR 2
| #define PTLIB_MINOR 8
| #define PTLIB_BUILD 0
| #define PTLIB_VERSION "2.8.0"
| #define P_PTHREADS 1
| #define USE_SYSTEM_SWAB /**/
| #define P_LINUX "5.4.0-144-generic"
| #define P_SHAREDLIBEXT $SHAREDLIBEXT
| #define STDC_HEADERS 1
| #define HAVE_SYS_TYPES_H 1
| #define HAVE_SYS_STAT_H 1
| #define HAVE_STDLIB_H 1
| #define HAVE_STRING_H 1
| #define HAVE_MEMORY_H 1
| #define HAVE_STRINGS_H 1
| #define HAVE_INTTYPES_H 1
| #define HAVE_STDINT_H 1
| #define HAVE_UNISTD_H 1
| /* end confdefs.h.  */
| #ifndef __APPLE_CC__
| 	       not a universal capable compiler
| 	     #endif
| 	     typedef int dummy;
| 
configure:5804: g++ -c -g -O2  conftest.cpp >&5
configure:5811: $? = 0
configure:5843: g++ -c -g -O2  conftest.cpp >&5
conftest.cpp: In function 'int main()':
conftest.cpp:33:8: error: 'big' was not declared in this scope
   33 |    not big endian
      |        ^~~
configure:5850: $? = 1
configure: failed program was:
| /* confdefs.h.  */
| #define PACKAGE_NAME ""
| #define PACKAGE_TARNAME ""
| #define PACKAGE_VERSION ""
| #define PACKAGE_STRING ""
| #define PACKAGE_BUGREPORT ""
| #define PTLIB_MAJOR 2
| #define PTLIB_MINOR 8
| #define PTLIB_BUILD 0
| #define PTLIB_VERSION "2.8.0"
| #define P_PTHREADS 1
| #define USE_SYSTEM_SWAB /**/
| #define P_LINUX "5.4.0-144-generic"
| #define P_SHAREDLIBEXT $SHAREDLIBEXT
| #define STDC_HEADERS 1
| #define HAVE_SYS_TYPES_H 1
| #define HAVE_SYS_STAT_H 1
| #define HAVE_STDLIB_H 1
| #define HAVE_STRING_H 1
| #define HAVE_MEMORY_H 1
| #define HAVE_STRINGS_H 1
| #define HAVE_INTTYPES_H 1
| #define HAVE_STDINT_H 1
| #define HAVE_UNISTD_H 1
| /* end confdefs.h.  */
| #include <sys/types.h>
| 		#include <sys/param.h>
| 
| int
| main ()
| {
| #if BYTE_ORDER != BIG_ENDIAN
| 		 not big endian
| 		#endif
| 
|   ;
|   return 0;
| }
configure:6102: result: no
configure:6140: Default extension for C++ files is cpp
configure:6151: checking if compiler accepts -felide-constructors
configure:6158: result: yes
configure:6166: checking if linker accepts -Wreorder
configure:6173: result: yes
configure:6183: checking if debug build accepts -g3 -ggdb -O0
configure:6190: result: yes
configure:6210: checking if compiler uses RTTI by default
configure:6239: g++ -c -g -O2  conftest.cpp >&5
configure:6246: $? = 0
configure:6261: result: yes
configure:6280: checking size of int
configure:6585: g++ -o conftest -g -O2   conftest.cpp  >&5
configure:6589: $? = 0
configure:6595: ./conftest
configure:6599: $? = 0
configure:6625: result: 4
configure:6639: checking for long double with more range or precision than double
configure:6684: g++ -c -g -O2  conftest.cpp >&5
configure:6691: $? = 0
configure:6706: result: yes
configure:6739: checking for flex
configure:6757: found /usr/bin/flex
configure:6769: result: /usr/bin/flex
configure:6826: checking for ar
configure:6842: found /usr/bin/ar
configure:6853: result: ar
configure:6972: checking for bison
configure:6990: found /usr/bin/bison
configure:7002: result: /usr/bin/bison
configure:7016: checking if readdir_r has 2 parms
configure:7040: g++ -c -g -O2  conftest.cpp >&5
conftest.cpp: In function 'int main()':
conftest.cpp:35:42: warning: 'int readdir_r(DIR*, dirent*, dirent**)' is deprecated [-Wdeprecated-declarations]
   35 | DIR *s; struct dirent * e; readdir_r(s, e);
      |                                          ^
In file included from conftest.cpp:31:
/usr/include/dirent.h:183:12: note: declared here
  183 | extern int readdir_r (DIR *__restrict __dirp,
      |            ^~~~~~~~~
conftest.cpp:35:42: warning: 'int readdir_r(DIR*, dirent*, dirent**)' is deprecated [-Wdeprecated-declarations]
   35 | DIR *s; struct dirent * e; readdir_r(s, e);
      |                                          ^
In file included from conftest.cpp:31:
/usr/include/dirent.h:183:12: note: declared here
  183 | extern int readdir_r (DIR *__restrict __dirp,
      |            ^~~~~~~~~
conftest.cpp:35:42: error: too few arguments to function 'int readdir_r(DIR*, dirent*, dirent**)'
   35 | DIR *s; struct dirent * e; readdir_r(s, e);
      |                                          ^
In file included from conftest.cpp:31:
/usr/include/dirent.h:183:12: note: declared here
  183 | extern int readdir_r (DIR *__restrict __dirp,
      |            ^~~~~~~~~
configure:7047: $? = 1
configure: failed program was:
| /* confdefs.h.  */
| #define PACKAGE_NAME ""
| #define PACKAGE_TARNAME ""
| #define PACKAGE_VERSION ""
| #define PACKAGE_STRING ""
| #define PACKAGE_BUGREPORT ""
| #define PTLIB_MAJOR 2
| #define PTLIB_MINOR 8
| #define PTLIB_BUILD 0
| #define PTLIB_VERSION "2.8.0"
| #define P_PTHREADS 1
| #define USE_SYSTEM_SWAB /**/
| #define P_LINUX "5.4.0-144-generic"
| #define P_SHAREDLIBEXT $SHAREDLIBEXT
| #define STDC_HEADERS 1
| #define HAVE_SYS_TYPES_H 1
| #define HAVE_SYS_STAT_H 1
| #define HAVE_STDLIB_H 1
| #define HAVE_STRING_H 1
| #define HAVE_MEMORY_H 1
| #define HAVE_STRINGS_H 1
| #define HAVE_INTTYPES_H 1
| #define HAVE_STDINT_H 1
| #define HAVE_UNISTD_H 1
| #define PBYTE_ORDER PLITTLE_ENDIAN
| #define SIZEOF_INT 4
| #define HAVE_LONG_DOUBLE_WIDER 1
| #define HAVE_LONG_DOUBLE 1
| /* end confdefs.h.  */
| #define _POSIX_PTHREAD_SEMANTICS
|                 #include <dirent.h>
| int
| main ()
| {
| DIR *s; struct dirent * e; readdir_r(s, e);
|   ;
|   return 0;
| }
configure:7065: result: no
configure:7067: checking if readdir_r has 3 parms
configure:7090: g++ -c -g -O2  conftest.cpp >&5
conftest.cpp: In function 'int main()':
conftest.cpp:34:65: warning: 'int readdir_r(DIR*, dirent*, dirent**)' is deprecated [-Wdeprecated-declarations]
   34 | DIR *s; struct dirent * e; struct dirent * p; readdir_r(s, e, &p);
      |                                                                 ^
In file included from conftest.cpp:30:
/usr/include/dirent.h:183:12: note: declared here
  183 | extern int readdir_r (DIR *__restrict __dirp,
      |            ^~~~~~~~~
configure:7097: $? = 0
configure:7112: result: yes
configure:7138: PTRACE and all trace logging included
configure:7155: Using ANSI C++ bool for PBoolean: (PFalse=false PTrue=true)
configure:7166: checking for recvmsg
configure:7191: g++ -c -g -O2  conftest.cpp >&5
configure:7198: $? = 0
configure:7213: result: yes
configure:7226: checking for NetLink support
configure:7256: g++ -c -g -O2  conftest.cpp >&5
configure:7263: $? = 0
configure:7278: result: yes
configure:7291: checking if using STL streams
configure:7314: g++ -c -g -O2  conftest.cpp >&5
configure:7321: $? = 0
configure:7336: result: yes
configure:7356: checking if atomic integer available
configure:7383: g++ -c -g -O2  conftest.cpp >&5
conftest.cpp:35:10: fatal error: bits/atomicity.h: No such file or directory
   35 | #include <bits/atomicity.h>
      |          ^~~~~~~~~~~~~~~~~~
compilation terminated.
configure:7390: $? = 1
configure: failed program was:
| /* confdefs.h.  */
| #define PACKAGE_NAME ""
| #define PACKAGE_TARNAME ""
| #define PACKAGE_VERSION ""
| #define PACKAGE_STRING ""
| #define PACKAGE_BUGREPORT ""
| #define PTLIB_MAJOR 2
| #define PTLIB_MINOR 8
| #define PTLIB_BUILD 0
| #define PTLIB_VERSION "2.8.0"
| #define P_PTHREADS 1
| #define USE_SYSTEM_SWAB /**/
| #define P_LINUX "5.4.0-144-generic"
| #define P_SHAREDLIBEXT $SHAREDLIBEXT
| #define STDC_HEADERS 1
| #define HAVE_SYS_TYPES_H 1
| #define HAVE_SYS_STAT_H 1
| #define HAVE_STDLIB_H 1
| #define HAVE_STRING_H 1
| #define HAVE_MEMORY_H 1
| #define HAVE_STRINGS_H 1
| #define HAVE_INTTYPES_H 1
| #define HAVE_STDINT_H 1
| #define HAVE_UNISTD_H 1
| #define PBYTE_ORDER PLITTLE_ENDIAN
| #define SIZEOF_INT 4
| #define HAVE_LONG_DOUBLE_WIDER 1
| #define HAVE_LONG_DOUBLE 1
| #define P_HAS_POSIX_READDIR_R 3
| #define P_USE_STANDARD_CXX_BOOL 1
| #define P_HAS_RECVMSG 1
| #define P_HAS_NETLINK 1
| #define P_HAS_STL_STREAMS 1
| /* end confdefs.h.  */
| #include <bits/atomicity.h>
| int
| main ()
| {
| _Atomic_word val;
|   ;
|   return 0;
| }
configure:7421: g++ -c -g -O2  conftest.cpp >&5
configure:7428: $? = 0
configure:7447: result: yes
configure:7449: checking if __exchange_and_add is in __gnu_cxx namespace
configure:7517: g++ -c -g -O2  conftest.cpp >&5
configure:7524: $? = 0
configure:7540: result: yes
configure:7584: g++ -c -g -O2  conftest.cpp >&5
configure:7591: $? = 0
configure:7605: checking if Unix semaphores are available
configure:7612: result: yes
configure:7690: checking for pthread_create in -lpthread
configure:7725: g++ -o conftest -g -O2   conftest.cpp -lpthread   >&5
configure:7732: $? = 0
configure:7753: result: yes
configure:7780: checking for clock_gettime in -lrt
configure:7815: g++ -o conftest -g -O2   conftest.cpp -lrt   >&5
configure:7822: $? = 0
configure:7843: result: yes
configure:7864: checking if pthread_mutex_timedlock is available
configure:7887: g++ -c -g -O2  conftest.cpp >&5
configure:7894: $? = 0
configure:7909: result: yes
configure:7921: checking for sem_timedwait in -lpthread
configure:7956: g++ -o conftest -g -O2   conftest.cpp -lpthread   >&5
configure:7963: $? = 0
configure:7984: result: yes
configure:7993: checking if sem_timedwait is compilable
configure:8016: g++ -c -g -O2  conftest.cpp >&5
configure:8023: $? = 0
configure:8043: result: yes
configure:8053: checking if recursive mutexes are available
configure:8076: g++ -c -g -O2  conftest.cpp >&5
configure:8083: $? = 0
configure:8098: result: PTHREAD_MUTEX_RECURSIVE_NP
configure:8159: checking if setpgrp takes no parameters
configure:8182: g++ -c -g -O2  conftest.cpp >&5
configure:8189: $? = 0
configure:8204: result: yes
configure:8233: checking regex.h usability
configure:8250: g++ -c -g -O2  conftest.cpp >&5
configure:8257: $? = 0
configure:8271: result: yes
configure:8275: checking regex.h presence
configure:8290: g++ -E  conftest.cpp
configure:8297: $? = 0
configure:8311: result: yes
configure:8339: checking for regex.h
configure:8348: result: yes
configure:8374: checking for regcomp
configure:8430: g++ -o conftest -g -O2   conftest.cpp  >&5
configure:8437: $? = 0
configure:8457: result: yes
configure:8559: checking dlfcn.h usability
configure:8576: g++ -c -g -O2  conftest.cpp >&5
configure:8583: $? = 0
configure:8597: result: yes
configure:8601: checking dlfcn.h presence
configure:8616: g++ -E  conftest.cpp
configure:8623: $? = 0
configure:8637: result: yes
configure:8665: checking for dlfcn.h
configure:8674: result: yes
configure:8692: checking if dlopen is available
configure:8721: gcc -c -g -O2  conftest.c >&5
configure:8728: $? = 0
configure:8746: result: yes
configure:8826: checking for dlopen in -ldl
configure:8861: gcc -o conftest -g -O2   conftest.c -ldl   >&5
configure:8868: $? = 0
configure:8889: result: yes
configure:8921: checking enable plugin support
configure:8959: result: yes
configure:8971: checking where plugins are being installed
configure:8994: result: /usr/local/lib/ptlib-2.8.0
configure:9010: checking enable samples build
configure:9052: result: no
configure:9081: checking how to run the C preprocessor
configure:9121: gcc -E  conftest.c
configure:9128: $? = 0
configure:9159: gcc -E  conftest.c
conftest.c:48:10: fatal error: ac_nonexistent.h: No such file or directory
   48 | #include <ac_nonexistent.h>
      |          ^~~~~~~~~~~~~~~~~~
compilation terminated.
configure:9166: $? = 1
configure: failed program was:
| /* confdefs.h.  */
| #define PACKAGE_NAME ""
| #define PACKAGE_TARNAME ""
| #define PACKAGE_VERSION ""
| #define PACKAGE_STRING ""
| #define PACKAGE_BUGREPORT ""
| #define PTLIB_MAJOR 2
| #define PTLIB_MINOR 8
| #define PTLIB_BUILD 0
| #define PTLIB_VERSION "2.8.0"
| #define P_PTHREADS 1
| #define USE_SYSTEM_SWAB /**/
| #define P_LINUX "5.4.0-144-generic"
| #define P_SHAREDLIBEXT $SHAREDLIBEXT
| #define STDC_HEADERS 1
| #define HAVE_SYS_TYPES_H 1
| #define HAVE_SYS_STAT_H 1
| #define HAVE_STDLIB_H 1
| #define HAVE_STRING_H 1
| #define HAVE_MEMORY_H 1
| #define HAVE_STRINGS_H 1
| #define HAVE_INTTYPES_H 1
| #define HAVE_STDINT_H 1
| #define HAVE_UNISTD_H 1
| #define PBYTE_ORDER PLITTLE_ENDIAN
| #define SIZEOF_INT 4
| #define HAVE_LONG_DOUBLE_WIDER 1
| #define HAVE_LONG_DOUBLE 1
| #define P_HAS_POSIX_READDIR_R 3
| #define P_USE_STANDARD_CXX_BOOL 1
| #define P_HAS_RECVMSG 1
| #define P_HAS_NETLINK 1
| #define P_HAS_STL_STREAMS 1
| #define P_HAS_ATOMIC_INT 1
| #define P_NEEDS_GNU_CXX_NAMESPACE 1
| #define P_HAS_SEMAPHORES 1
| #define P_PTHREADS_XPG6 1
| #define P_HAS_SEMAPHORES_XPG6 1
| #define P_HAS_RECURSIVE_MUTEX 1
| #define P_SETPGRP_NOPARM 1
| #define HAVE_REGEX_H 1
| #define P_REGEX 1
| #define HAVE_DLFCN_H 1
| #define P_DYNALINK 1
| #define P_PLUGINS 1
| #define P_DEFAULT_PLUGIN_DIR "/usr/local/lib/ptlib-2.8.0"
| /* end confdefs.h.  */
| #include <ac_nonexistent.h>
configure:9199: result: gcc -E
configure:9228: gcc -E  conftest.c
configure:9235: $? = 0
configure:9266: gcc -E  conftest.c
conftest.c:48:10: fatal error: ac_nonexistent.h: No such file or directory
   48 | #include <ac_nonexistent.h>
      |          ^~~~~~~~~~~~~~~~~~
compilation terminated.
configure:9273: $? = 1
configure: failed program was:
| /* confdefs.h.  */
| #define PACKAGE_NAME ""
| #define PACKAGE_TARNAME ""
| #define PACKAGE_VERSION ""
| #define PACKAGE_STRING ""
| #define PACKAGE_BUGREPORT ""
| #define PTLIB_MAJOR 2
| #define PTLIB_MINOR 8
| #define PTLIB_BUILD 0
| #define PTLIB_VERSION "2.8.0"
| #define P_PTHREADS 1
| #define USE_SYSTEM_SWAB /**/
| #define P_LINUX "5.4.0-144-generic"
| #define P_SHAREDLIBEXT $SHAREDLIBEXT
| #define STDC_HEADERS 1
| #define HAVE_SYS_TYPES_H 1
| #define HAVE_SYS_STAT_H 1
| #define HAVE_STDLIB_H 1
| #define HAVE_STRING_H 1
| #define HAVE_MEMORY_H 1
| #define HAVE_STRINGS_H 1
| #define HAVE_INTTYPES_H 1
| #define HAVE_STDINT_H 1
| #define HAVE_UNISTD_H 1
| #define PBYTE_ORDER PLITTLE_ENDIAN
| #define SIZEOF_INT 4
| #define HAVE_LONG_DOUBLE_WIDER 1
| #define HAVE_LONG_DOUBLE 1
| #define P_HAS_POSIX_READDIR_R 3
| #define P_USE_STANDARD_CXX_BOOL 1
| #define P_HAS_RECVMSG 1
| #define P_HAS_NETLINK 1
| #define P_HAS_STL_STREAMS 1
| #define P_HAS_ATOMIC_INT 1
| #define P_NEEDS_GNU_CXX_NAMESPACE 1
| #define P_HAS_SEMAPHORES 1
| #define P_PTHREADS_XPG6 1
| #define P_HAS_SEMAPHORES_XPG6 1
| #define P_HAS_RECURSIVE_MUTEX 1
| #define P_SETPGRP_NOPARM 1
| #define HAVE_REGEX_H 1
| #define P_REGEX 1
| #define HAVE_DLFCN_H 1
| #define P_DYNALINK 1
| #define P_PLUGINS 1
| #define P_DEFAULT_PLUGIN_DIR "/usr/local/lib/ptlib-2.8.0"
| /* end confdefs.h.  */
| #include <ac_nonexistent.h>
configure:9317: checking for res_ninit
configure:9373: gcc -o conftest -g -O2   conftest.c  >&5
/usr/bin/ld: /tmp/cc0FjakE.o: in function `main':
/home/amd/Documents/minx/ptlib/ptlib/conftest.c:82: undefined reference to `res_ninit'
collect2: error: ld returned 1 exit status
configure:9380: $? = 1
configure: failed program was:
| /* confdefs.h.  */
| #define PACKAGE_NAME ""
| #define PACKAGE_TARNAME ""
| #define PACKAGE_VERSION ""
| #define PACKAGE_STRING ""
| #define PACKAGE_BUGREPORT ""
| #define PTLIB_MAJOR 2
| #define PTLIB_MINOR 8
| #define PTLIB_BUILD 0
| #define PTLIB_VERSION "2.8.0"
| #define P_PTHREADS 1
| #define USE_SYSTEM_SWAB /**/
| #define P_LINUX "5.4.0-144-generic"
| #define P_SHAREDLIBEXT $SHAREDLIBEXT
| #define STDC_HEADERS 1
| #define HAVE_SYS_TYPES_H 1
| #define HAVE_SYS_STAT_H 1
| #define HAVE_STDLIB_H 1
| #define HAVE_STRING_H 1
| #define HAVE_MEMORY_H 1
| #define HAVE_STRINGS_H 1
| #define HAVE_INTTYPES_H 1
| #define HAVE_STDINT_H 1
| #define HAVE_UNISTD_H 1
| #define PBYTE_ORDER PLITTLE_ENDIAN
| #define SIZEOF_INT 4
| #define HAVE_LONG_DOUBLE_WIDER 1
| #define HAVE_LONG_DOUBLE 1
| #define P_HAS_POSIX_READDIR_R 3
| #define P_USE_STANDARD_CXX_BOOL 1
| #define P_HAS_RECVMSG 1
| #define P_HAS_NETLINK 1
| #define P_HAS_STL_STREAMS 1
| #define P_HAS_ATOMIC_INT 1
| #define P_NEEDS_GNU_CXX_NAMESPACE 1
| #define P_HAS_SEMAPHORES 1
| #define P_PTHREADS_XPG6 1
| #define P_HAS_SEMAPHORES_XPG6 1
| #define P_HAS_RECURSIVE_MUTEX 1
| #define P_SETPGRP_NOPARM 1
| #define HAVE_REGEX_H 1
| #define P_REGEX 1
| #define HAVE_DLFCN_H 1
| #define P_DYNALINK 1
| #define P_PLUGINS 1
| #define P_DEFAULT_PLUGIN_DIR "/usr/local/lib/ptlib-2.8.0"
| /* end confdefs.h.  */
| /* Define res_ninit to an innocuous variant, in case <limits.h> declares res_ninit.
|    For example, HP-UX 11i <limits.h> declares gettimeofday.  */
| #define res_ninit innocuous_res_ninit
| 
| /* System header to define __stub macros and hopefully few prototypes,
|     which can conflict with char res_ninit (); below.
|     Prefer <limits.h> to <assert.h> if __STDC__ is defined, since
|     <limits.h> exists even on freestanding compilers.  */
| 
| #ifdef __STDC__
| # include <limits.h>
| #else
| # include <assert.h>
| #endif
| 
| #undef res_ninit
| 
| /* Override any GCC internal prototype to avoid an error.
|    Use char because int might match the return type of a GCC
|    builtin and then its argument prototype would still apply.  */
| #ifdef __cplusplus
| extern "C"
| #endif
| char res_ninit ();
| /* The GNU C library defines this for functions which it implements
|     to always fail with ENOSYS.  Some functions are actually named
|     something starting with __ and the normal name is an alias.  */
| #if defined __stub_res_ninit || defined __stub___res_ninit
| choke me
| #endif
| 
| int
| main ()
| {
| return res_ninit ();
|   ;
|   return 0;
| }
configure:9400: result: no
configure:9411: checking for res_ninit in -lresolv
configure:9430: gcc -o conftest -g -O2   conftest.c  -lresolv >&5
configure:9437: $? = 0
configure:9461: result: yes
configure:9983: checking for sasl_version in -lsasl2
configure:10018: gcc -o conftest -g -O2   conftest.c -lsasl2   >&5
/usr/bin/ld: cannot find -lsasl2
collect2: error: ld returned 1 exit status
configure:10025: $? = 1
configure: failed program was:
| /* confdefs.h.  */
| #define PACKAGE_NAME ""
| #define PACKAGE_TARNAME ""
| #define PACKAGE_VERSION ""
| #define PACKAGE_STRING ""
| #define PACKAGE_BUGREPORT ""
| #define PTLIB_MAJOR 2
| #define PTLIB_MINOR 8
| #define PTLIB_BUILD 0
| #define PTLIB_VERSION "2.8.0"
| #define P_PTHREADS 1
| #define USE_SYSTEM_SWAB /**/
| #define P_LINUX "5.4.0-144-generic"
| #define P_SHAREDLIBEXT $SHAREDLIBEXT
| #define STDC_HEADERS 1
| #define HAVE_SYS_TYPES_H 1
| #define HAVE_SYS_STAT_H 1
| #define HAVE_STDLIB_H 1
| #define HAVE_STRING_H 1
| #define HAVE_MEMORY_H 1
| #define HAVE_STRINGS_H 1
| #define HAVE_INTTYPES_H 1
| #define HAVE_STDINT_H 1
| #define HAVE_UNISTD_H 1
| #define PBYTE_ORDER PLITTLE_ENDIAN
| #define SIZEOF_INT 4
| #define HAVE_LONG_DOUBLE_WIDER 1
| #define HAVE_LONG_DOUBLE 1
| #define P_HAS_POSIX_READDIR_R 3
| #define P_USE_STANDARD_CXX_BOOL 1
| #define P_HAS_RECVMSG 1
| #define P_HAS_NETLINK 1
| #define P_HAS_STL_STREAMS 1
| #define P_HAS_ATOMIC_INT 1
| #define P_NEEDS_GNU_CXX_NAMESPACE 1
| #define P_HAS_SEMAPHORES 1
| #define P_PTHREADS_XPG6 1
| #define P_HAS_SEMAPHORES_XPG6 1
| #define P_HAS_RECURSIVE_MUTEX 1
| #define P_SETPGRP_NOPARM 1
| #define HAVE_REGEX_H 1
| #define P_REGEX 1
| #define HAVE_DLFCN_H 1
| #define P_DYNALINK 1
| #define P_PLUGINS 1
| #define P_DEFAULT_PLUGIN_DIR "/usr/local/lib/ptlib-2.8.0"
| #define P_DNS 1
| #define P_HAS_RES_NINIT 1
| /* end confdefs.h.  */
| 
| /* Override any GCC internal prototype to avoid an error.
|    Use char because int might match the return type of a GCC
|    builtin and then its argument prototype would still apply.  */
| #ifdef __cplusplus
| extern "C"
| #endif
| char sasl_version ();
| int
| main ()
| {
| return sasl_version ();
|   ;
|   return 0;
| }
configure:10046: result: no
configure:10054: checking for sasl_client_out in -lsasl
configure:10089: gcc -o conftest -g -O2   conftest.c -lsasl   >&5
/usr/bin/ld: cannot find -lsasl
collect2: error: ld returned 1 exit status
configure:10096: $? = 1
configure: failed program was:
| /* confdefs.h.  */
| #define PACKAGE_NAME ""
| #define PACKAGE_TARNAME ""
| #define PACKAGE_VERSION ""
| #define PACKAGE_STRING ""
| #define PACKAGE_BUGREPORT ""
| #define PTLIB_MAJOR 2
| #define PTLIB_MINOR 8
| #define PTLIB_BUILD 0
| #define PTLIB_VERSION "2.8.0"
| #define P_PTHREADS 1
| #define USE_SYSTEM_SWAB /**/
| #define P_LINUX "5.4.0-144-generic"
| #define P_SHAREDLIBEXT $SHAREDLIBEXT
| #define STDC_HEADERS 1
| #define HAVE_SYS_TYPES_H 1
| #define HAVE_SYS_STAT_H 1
| #define HAVE_STDLIB_H 1
| #define HAVE_STRING_H 1
| #define HAVE_MEMORY_H 1
| #define HAVE_STRINGS_H 1
| #define HAVE_INTTYPES_H 1
| #define HAVE_STDINT_H 1
| #define HAVE_UNISTD_H 1
| #define PBYTE_ORDER PLITTLE_ENDIAN
| #define SIZEOF_INT 4
| #define HAVE_LONG_DOUBLE_WIDER 1
| #define HAVE_LONG_DOUBLE 1
| #define P_HAS_POSIX_READDIR_R 3
| #define P_USE_STANDARD_CXX_BOOL 1
| #define P_HAS_RECVMSG 1
| #define P_HAS_NETLINK 1
| #define P_HAS_STL_STREAMS 1
| #define P_HAS_ATOMIC_INT 1
| #define P_NEEDS_GNU_CXX_NAMESPACE 1
| #define P_HAS_SEMAPHORES 1
| #define P_PTHREADS_XPG6 1
| #define P_HAS_SEMAPHORES_XPG6 1
| #define P_HAS_RECURSIVE_MUTEX 1
| #define P_SETPGRP_NOPARM 1
| #define HAVE_REGEX_H 1
| #define P_REGEX 1
| #define HAVE_DLFCN_H 1
| #define P_DYNALINK 1
| #define P_PLUGINS 1
| #define P_DEFAULT_PLUGIN_DIR "/usr/local/lib/ptlib-2.8.0"
| #define P_DNS 1
| #define P_HAS_RES_NINIT 1
| /* end confdefs.h.  */
| 
| /* Override any GCC internal prototype to avoid an error.
|    Use char because int might match the return type of a GCC
|    builtin and then its argument prototype would still apply.  */
| #ifdef __cplusplus
| extern "C"
| #endif
| char sasl_client_out ();
| int
| main ()
| {
| return sasl_client_out ();
|   ;
|   return 0;
| }
configure:10117: result: no
configure:10128: checking if <sasl.h> works
configure:10143: gcc -c -g -O2  conftest.c >&5
conftest.c:2:40: fatal error: sasl.h: No such file or directory
    2 |                               #include <sasl.h>
      |                                        ^~~~~~~~
compilation terminated.
configure:10150: $? = 1
configure: failed program was:
| 
|                               #include <sasl.h>
|                               int main(int argc,char **argv)
|                               { int v = SASL_LOG_PASS; }
| 
configure:10166: result: no
configure:10174: checking if <sasl/sasl.h> works
configure:10188: gcc -c -g -O2  conftest.c >&5
conftest.c:2:42: fatal error: sasl/sasl.h: No such file or directory
    2 |                                 #include <sasl/sasl.h>
      |                                          ^~~~~~~~~~~~~
compilation terminated.
configure:10195: $? = 1
configure: failed program was:
| 
|                                 #include <sasl/sasl.h>
|                                 int main(int argc,char **argv){ int v = SASL_LOG_PASS; }
| 
configure:10211: result: no
configure:10263: SUN mlib disabled
configure:10419: checking ldap.h usability
configure:10436: gcc -c -g -O2   conftest.c >&5
conftest.c:83:10: fatal error: ldap.h: No such file or directory
   83 | #include <ldap.h>
      |          ^~~~~~~~
compilation terminated.
configure:10443: $? = 1
configure: failed program was:
| /* confdefs.h.  */
| #define PACKAGE_NAME ""
| #define PACKAGE_TARNAME ""
| #define PACKAGE_VERSION ""
| #define PACKAGE_STRING ""
| #define PACKAGE_BUGREPORT ""
| #define PTLIB_MAJOR 2
| #define PTLIB_MINOR 8
| #define PTLIB_BUILD 0
| #define PTLIB_VERSION "2.8.0"
| #define P_PTHREADS 1
| #define USE_SYSTEM_SWAB /**/
| #define P_LINUX "5.4.0-144-generic"
| #define P_SHAREDLIBEXT $SHAREDLIBEXT
| #define STDC_HEADERS 1
| #define HAVE_SYS_TYPES_H 1
| #define HAVE_SYS_STAT_H 1
| #define HAVE_STDLIB_H 1
| #define HAVE_STRING_H 1
| #define HAVE_MEMORY_H 1
| #define HAVE_STRINGS_H 1
| #define HAVE_INTTYPES_H 1
| #define HAVE_STDINT_H 1
| #define HAVE_UNISTD_H 1
| #define PBYTE_ORDER PLITTLE_ENDIAN
| #define SIZEOF_INT 4
| #define HAVE_LONG_DOUBLE_WIDER 1
| #define HAVE_LONG_DOUBLE 1
| #define P_HAS_POSIX_READDIR_R 3
| #define P_USE_STANDARD_CXX_BOOL 1
| #define P_HAS_RECVMSG 1
| #define P_HAS_NETLINK 1
| #define P_HAS_STL_STREAMS 1
| #define P_HAS_ATOMIC_INT 1
| #define P_NEEDS_GNU_CXX_NAMESPACE 1
| #define P_HAS_SEMAPHORES 1
| #define P_PTHREADS_XPG6 1
| #define P_HAS_SEMAPHORES_XPG6 1
| #define P_HAS_RECURSIVE_MUTEX 1
| #define P_SETPGRP_NOPARM 1
| #define HAVE_REGEX_H 1
| #define P_REGEX 1
| #define HAVE_DLFCN_H 1
| #define P_DYNALINK 1
| #define P_PLUGINS 1
| #define P_DEFAULT_PLUGIN_DIR "/usr/local/lib/ptlib-2.8.0"
| #define P_DNS 1
| #define P_HAS_RES_NINIT 1
| /* end confdefs.h.  */
| #include <stdio.h>
| #ifdef HAVE_SYS_TYPES_H
| # include <sys/types.h>
| #endif
| #ifdef HAVE_SYS_STAT_H
| # include <sys/stat.h>
| #endif
| #ifdef STDC_HEADERS
| # include <stdlib.h>
| # include <stddef.h>
| #else
| # ifdef HAVE_STDLIB_H
| #  include <stdlib.h>
| # endif
| #endif
| #ifdef HAVE_STRING_H
| # if !defined STDC_HEADERS && defined HAVE_MEMORY_H
| #  include <memory.h>
| # endif
| # include <string.h>
| #endif
| #ifdef HAVE_STRINGS_H
| # include <strings.h>
| #endif
| #ifdef HAVE_INTTYPES_H
| # include <inttypes.h>
| #endif
| #ifdef HAVE_STDINT_H
| # include <stdint.h>
| #endif
| #ifdef HAVE_UNISTD_H
| # include <unistd.h>
| #endif
| #include <ldap.h>
configure:10457: result: no
configure:10461: checking ldap.h presence
configure:10476: gcc -E  conftest.c
conftest.c:50:10: fatal error: ldap.h: No such file or directory
   50 | #include <ldap.h>
      |          ^~~~~~~~
compilation terminated.
configure:10483: $? = 1
configure: failed program was:
| /* confdefs.h.  */
| #define PACKAGE_NAME ""
| #define PACKAGE_TARNAME ""
| #define PACKAGE_VERSION ""
| #define PACKAGE_STRING ""
| #define PACKAGE_BUGREPORT ""
| #define PTLIB_MAJOR 2
| #define PTLIB_MINOR 8
| #define PTLIB_BUILD 0
| #define PTLIB_VERSION "2.8.0"
| #define P_PTHREADS 1
| #define USE_SYSTEM_SWAB /**/
| #define P_LINUX "5.4.0-144-generic"
| #define P_SHAREDLIBEXT $SHAREDLIBEXT
| #define STDC_HEADERS 1
| #define HAVE_SYS_TYPES_H 1
| #define HAVE_SYS_STAT_H 1
| #define HAVE_STDLIB_H 1
| #define HAVE_STRING_H 1
| #define HAVE_MEMORY_H 1
| #define HAVE_STRINGS_H 1
| #define HAVE_INTTYPES_H 1
| #define HAVE_STDINT_H 1
| #define HAVE_UNISTD_H 1
| #define PBYTE_ORDER PLITTLE_ENDIAN
| #define SIZEOF_INT 4
| #define HAVE_LONG_DOUBLE_WIDER 1
| #define HAVE_LONG_DOUBLE 1
| #define P_HAS_POSIX_READDIR_R 3
| #define P_USE_STANDARD_CXX_BOOL 1
| #define P_HAS_RECVMSG 1
| #define P_HAS_NETLINK 1
| #define P_HAS_STL_STREAMS 1
| #define P_HAS_ATOMIC_INT 1
| #define P_NEEDS_GNU_CXX_NAMESPACE 1
| #define P_HAS_SEMAPHORES 1
| #define P_PTHREADS_XPG6 1
| #define P_HAS_SEMAPHORES_XPG6 1
| #define P_HAS_RECURSIVE_MUTEX 1
| #define P_SETPGRP_NOPARM 1
| #define HAVE_REGEX_H 1
| #define P_REGEX 1
| #define HAVE_DLFCN_H 1
| #define P_DYNALINK 1
| #define P_PLUGINS 1
| #define P_DEFAULT_PLUGIN_DIR "/usr/local/lib/ptlib-2.8.0"
| #define P_DNS 1
| #define P_HAS_RES_NINIT 1
| /* end confdefs.h.  */
| #include <ldap.h>
configure:10497: result: no
configure:10525: checking for ldap.h
configure:10534: result: no
configure:10670: checking for OPENSSL
configure:10677: $PKG_CONFIG --exists --print-errors "openssl"
configure:10680: $? = 0
configure:10693: $PKG_CONFIG --exists --print-errors "openssl"
configure:10696: $? = 0
configure:10731: result: yes
configure:10766: checking openssl/aes.h usability
configure:10783: gcc -c -g -O2   conftest.c >&5
configure:10790: $? = 0
configure:10804: result: yes
configure:10808: checking openssl/aes.h presence
configure:10823: gcc -E  conftest.c
configure:10830: $? = 0
configure:10844: result: yes
configure:10872: checking for openssl/aes.h
configure:10881: result: yes
configure:10925: checking for const arg to d2i_AutoPrivateKey
configure:10951: g++ -c -g -O2   conftest.cpp >&5
configure:10958: $? = 0
configure:10973: result: yes
configure:11001: checking for d2i_DHparams_bio variants
configure:11025: g++ -c -g -O2  conftest.cpp >&5
configure:11032: $? = 0
configure:11054: result: new
configure:11119: checking expat.h usability
configure:11136: g++ -c -g -O2   conftest.cpp >&5
configure:11143: $? = 0
configure:11157: result: yes
configure:11161: checking expat.h presence
configure:11176: g++ -E   conftest.cpp
configure:11183: $? = 0
configure:11197: result: yes
configure:11225: checking for expat.h
configure:11234: result: yes
configure:11252: checking for XML_ParserCreate in -lexpat
configure:11287: g++ -o conftest -g -O2    conftest.cpp -lexpat    >&5
configure:11294: $? = 0
configure:11315: result: yes
configure:11370: checking for IPv6 support
configure:11394: g++ -c -g -O2  conftest.cpp >&5
configure:11401: $? = 0
configure:11441: g++ -c -g -O2  conftest.cpp >&5
configure:11448: $? = 0
configure:11466: result: yes
configure:11480: checking for inet_ntop
configure:11505: g++ -c -g -O2  conftest.cpp >&5
configure:11512: $? = 0
configure:11534: result: yes
configure:11540: checking enable config file support
configure:11578: result: yes
configure:11592: checking enable URL support
configure:11630: result: yes
configure:11644: checking enable HTTP support
configure:11682: result: yes
configure:11696: checking enable HTTP forms support
configure:11734: result: yes
configure:11749: checking enable HTTP server support
configure:11787: result: yes
configure:11801: checking enable Jabber support
configure:11839: result: yes
configure:11853: checking enable VXML support
configure:11891: result: yes
configure:11905: checking enable XMLRPC support
configure:11943: result: yes
configure:11957: checking enable SOAP support
configure:11995: result: yes
configure:12010: checking enable Text-To-Speech server support
configure:12048: result: yes
configure:12062: checking enable ASN decoding/encoding support
configure:12100: result: yes
configure:12114: checking enable STUN support
configure:12152: result: yes
configure:12166: checking enable pipechannel support
configure:12204: result: yes
configure:12218: checking enable DTMF protocol support
configure:12256: result: yes
configure:12270: checking enable SOCKS protocol support
configure:12308: result: yes
configure:12322: checking enable FTP protocol support
configure:12360: result: yes
configure:12374: checking enable SNMP protocol support
configure:12412: result: yes
configure:12426: checking enable TELNET protocol support
configure:12464: result: yes
configure:12478: checking enable remote connection support
configure:12516: result: yes
configure:12530: checking enable serial port support
configure:12568: result: yes
configure:12582: checking enable POP3/SMTP support
configure:12620: result: yes
configure:12634: checking enable audio support
configure:12672: result: yes
configure:12686: checking enable WAVFILE support
configure:12724: result: yes
configure:12740: checking enable QOS support
configure:12778: result: yes
configure:12792: checking enable video device support
configure:12830: result: yes
configure:12851: checking enable video file support
configure:12889: result: yes
configure:12903: checking enable FFMpeg video file support
configure:12941: result: yes
configure:12955: checking enable application sharing support
configure:12997: result: no
configure:13007: checking enable shared memory video devices
configure:13045: result: yes
configure:13079: checking for SDL
configure:13086: $PKG_CONFIG --exists --print-errors "sdl"
Package sdl was not found in the pkg-config search path.
Perhaps you should add the directory containing `sdl.pc'
to the PKG_CONFIG_PATH environment variable
No package 'sdl' found
configure:13089: $? = 1
configure:13102: $PKG_CONFIG --exists --print-errors "sdl"
Package sdl was not found in the pkg-config search path.
Perhaps you should add the directory containing `sdl.pc'
to the PKG_CONFIG_PATH environment variable
No package 'sdl' found
configure:13105: $? = 1
No package 'sdl' found
configure:13132: result: no
configure:14609: checking enable video for windows capture
configure:14651: result: no
configure:14756: checking sql.h usability
configure:14773: g++ -c -g -O2   conftest.cpp >&5
conftest.cpp:119:10: fatal error: sql.h: No such file or directory
  119 | #include <sql.h>
      |          ^~~~~~~
compilation terminated.
configure:14780: $? = 1
configure: failed program was:
| /* confdefs.h.  */
| #define PACKAGE_NAME ""
| #define PACKAGE_TARNAME ""
| #define PACKAGE_VERSION ""
| #define PACKAGE_STRING ""
| #define PACKAGE_BUGREPORT ""
| #define PTLIB_MAJOR 2
| #define PTLIB_MINOR 8
| #define PTLIB_BUILD 0
| #define PTLIB_VERSION "2.8.0"
| #define P_PTHREADS 1
| #define USE_SYSTEM_SWAB /**/
| #define P_LINUX "5.4.0-144-generic"
| #define P_SHAREDLIBEXT $SHAREDLIBEXT
| #define STDC_HEADERS 1
| #define HAVE_SYS_TYPES_H 1
| #define HAVE_SYS_STAT_H 1
| #define HAVE_STDLIB_H 1
| #define HAVE_STRING_H 1
| #define HAVE_MEMORY_H 1
| #define HAVE_STRINGS_H 1
| #define HAVE_INTTYPES_H 1
| #define HAVE_STDINT_H 1
| #define HAVE_UNISTD_H 1
| #define PBYTE_ORDER PLITTLE_ENDIAN
| #define SIZEOF_INT 4
| #define HAVE_LONG_DOUBLE_WIDER 1
| #define HAVE_LONG_DOUBLE 1
| #define P_HAS_POSIX_READDIR_R 3
| #define P_USE_STANDARD_CXX_BOOL 1
| #define P_HAS_RECVMSG 1
| #define P_HAS_NETLINK 1
| #define P_HAS_STL_STREAMS 1
| #define P_HAS_ATOMIC_INT 1
| #define P_NEEDS_GNU_CXX_NAMESPACE 1
| #define P_HAS_SEMAPHORES 1
| #define P_PTHREADS_XPG6 1
| #define P_HAS_SEMAPHORES_XPG6 1
| #define P_HAS_RECURSIVE_MUTEX 1
| #define P_SETPGRP_NOPARM 1
| #define HAVE_REGEX_H 1
| #define P_REGEX 1
| #define HAVE_DLFCN_H 1
| #define P_DYNALINK 1
| #define P_PLUGINS 1
| #define P_DEFAULT_PLUGIN_DIR "/usr/local/lib/ptlib-2.8.0"
| #define P_DNS 1
| #define P_HAS_RES_NINIT 1
| #define P_OSSL 1
| #define HAVE_OPENSSL_AES_H 1
| #define P_OSSL_AES 1
| #define P_SSL_USE_CONST 1
| #define HAVE_EXPAT_H 1
| #define P_OEXPAT 1
| #define P_HAS_IPV6 1
| #define P_HAS_INET_NTOP 1
| #define P_CONFIG_FILE 1
| #define P_URL 1
| #define P_HTTP 1
| #define P_HTTPFORMS 1
| #define P_HTTPSVC 1
| #define P_JABBER 1
| #define P_VXML 1
| #define P_XMLRPC 1
| #define P_SOAP 1
| #define P_TTS 1
| #define P_ASN 1
| #define P_STUN 1
| #define P_PIPECHAN 1
| #define P_DTMF 1
| #define P_SOCKS 1
| #define P_FTP 1
| #define P_SNMP 1
| #define P_TELNET 1
| #define P_REMCONN 1
| #define P_SERIAL 1
| #define P_POP3SMTP 1
| #define P_AUDIO 1
| #define P_WAVFILE 1
| #define P_QOS 1
| #define P_VIDEO 1
| #define P_VIDFILE 1
| #define P_FFVDEV 1
| #define P_SHM_VIDEO 1
| /* end confdefs.h.  */
| #include <stdio.h>
| #ifdef HAVE_SYS_TYPES_H
| # include <sys/types.h>
| #endif
| #ifdef HAVE_SYS_STAT_H
| # include <sys/stat.h>
| #endif
| #ifdef STDC_HEADERS
| # include <stdlib.h>
| # include <stddef.h>
| #else
| # ifdef HAVE_STDLIB_H
| #  include <stdlib.h>
| # endif
| #endif
| #ifdef HAVE_STRING_H
| # if !defined STDC_HEADERS && defined HAVE_MEMORY_H
| #  include <memory.h>
| # endif
| # include <string.h>
| #endif
| #ifdef HAVE_STRINGS_H
| # include <strings.h>
| #endif
| #ifdef HAVE_INTTYPES_H
| # include <inttypes.h>
| #endif
| #ifdef HAVE_STDINT_H
| # include <stdint.h>
| #endif
| #ifdef HAVE_UNISTD_H
| # include <unistd.h>
| #endif
| #include <sql.h>
configure:14794: result: no
configure:14798: checking sql.h presence
configure:14813: g++ -E   conftest.cpp
conftest.cpp:86:10: fatal error: sql.h: No such file or directory
   86 | #include <sql.h>
      |          ^~~~~~~
compilation terminated.
configure:14820: $? = 1
configure: failed program was:
| /* confdefs.h.  */
| #define PACKAGE_NAME ""
| #define PACKAGE_TARNAME ""
| #define PACKAGE_VERSION ""
| #define PACKAGE_STRING ""
| #define PACKAGE_BUGREPORT ""
| #define PTLIB_MAJOR 2
| #define PTLIB_MINOR 8
| #define PTLIB_BUILD 0
| #define PTLIB_VERSION "2.8.0"
| #define P_PTHREADS 1
| #define USE_SYSTEM_SWAB /**/
| #define P_LINUX "5.4.0-144-generic"
| #define P_SHAREDLIBEXT $SHAREDLIBEXT
| #define STDC_HEADERS 1
| #define HAVE_SYS_TYPES_H 1
| #define HAVE_SYS_STAT_H 1
| #define HAVE_STDLIB_H 1
| #define HAVE_STRING_H 1
| #define HAVE_MEMORY_H 1
| #define HAVE_STRINGS_H 1
| #define HAVE_INTTYPES_H 1
| #define HAVE_STDINT_H 1
| #define HAVE_UNISTD_H 1
| #define PBYTE_ORDER PLITTLE_ENDIAN
| #define SIZEOF_INT 4
| #define HAVE_LONG_DOUBLE_WIDER 1
| #define HAVE_LONG_DOUBLE 1
| #define P_HAS_POSIX_READDIR_R 3
| #define P_USE_STANDARD_CXX_BOOL 1
| #define P_HAS_RECVMSG 1
| #define P_HAS_NETLINK 1
| #define P_HAS_STL_STREAMS 1
| #define P_HAS_ATOMIC_INT 1
| #define P_NEEDS_GNU_CXX_NAMESPACE 1
| #define P_HAS_SEMAPHORES 1
| #define P_PTHREADS_XPG6 1
| #define P_HAS_SEMAPHORES_XPG6 1
| #define P_HAS_RECURSIVE_MUTEX 1
| #define P_SETPGRP_NOPARM 1
| #define HAVE_REGEX_H 1
| #define P_REGEX 1
| #define HAVE_DLFCN_H 1
| #define P_DYNALINK 1
| #define P_PLUGINS 1
| #define P_DEFAULT_PLUGIN_DIR "/usr/local/lib/ptlib-2.8.0"
| #define P_DNS 1
| #define P_HAS_RES_NINIT 1
| #define P_OSSL 1
| #define HAVE_OPENSSL_AES_H 1
| #define P_OSSL_AES 1
| #define P_SSL_USE_CONST 1
| #define HAVE_EXPAT_H 1
| #define P_OEXPAT 1
| #define P_HAS_IPV6 1
| #define P_HAS_INET_NTOP 1
| #define P_CONFIG_FILE 1
| #define P_URL 1
| #define P_HTTP 1
| #define P_HTTPFORMS 1
| #define P_HTTPSVC 1
| #define P_JABBER 1
| #define P_VXML 1
| #define P_XMLRPC 1
| #define P_SOAP 1
| #define P_TTS 1
| #define P_ASN 1
| #define P_STUN 1
| #define P_PIPECHAN 1
| #define P_DTMF 1
| #define P_SOCKS 1
| #define P_FTP 1
| #define P_SNMP 1
| #define P_TELNET 1
| #define P_REMCONN 1
| #define P_SERIAL 1
| #define P_POP3SMTP 1
| #define P_AUDIO 1
| #define P_WAVFILE 1
| #define P_QOS 1
| #define P_VIDEO 1
| #define P_VIDFILE 1
| #define P_FFVDEV 1
| #define P_SHM_VIDEO 1
| /* end confdefs.h.  */
| #include <sql.h>
configure:14834: result: no
configure:14862: checking for sql.h
configure:14871: result: no
configure:15007: checking enable C++ exceptions
configure:15049: result: no
configure:15497: checking for a BSD-compatible install
configure:15565: result: /usr/bin/install -c
configure:15686: creating ./config.status

## ---------------------- ##
## Running config.status. ##
## ---------------------- ##

This file was extended by config.status, which was
generated by GNU Autoconf 2.63.  Invocation command line was

  CONFIG_FILES    = 
  CONFIG_HEADERS  = 
  CONFIG_LINKS    = 
  CONFIG_COMMANDS = 
  $ ./config.status 

on amdliantai

config.status:928: creating make/ptbuildopts.mak
config.status:928: creating make/ptlib-config
config.status:928: creating Makefile
config.status:928: creating ptlib_cfg.dxy
config.status:928: creating ptlib.pc
config.status:928: creating include/ptbuildopts.h

## ---------------- ##
## Cache variables. ##
## ---------------- ##

ac_cv_build=aarch64-unknown-linux-gnu
ac_cv_c_bigendian=no
ac_cv_c_compiler_gnu=yes
ac_cv_c_long_double=yes
ac_cv_cxx_compiler_gnu=yes
ac_cv_env_CCC_set=
ac_cv_env_CCC_value=
ac_cv_env_CC_set=
ac_cv_env_CC_value=
ac_cv_env_CFLAGS_set=
ac_cv_env_CFLAGS_value=
ac_cv_env_CPPFLAGS_set=
ac_cv_env_CPPFLAGS_value=
ac_cv_env_CPP_set=
ac_cv_env_CPP_value=
ac_cv_env_CXXCPP_set=
ac_cv_env_CXXCPP_value=
ac_cv_env_CXXFLAGS_set=
ac_cv_env_CXXFLAGS_value=
ac_cv_env_CXX_set=
ac_cv_env_CXX_value=
ac_cv_env_LDFLAGS_set=
ac_cv_env_LDFLAGS_value=
ac_cv_env_LIBS_set=
ac_cv_env_LIBS_value=
ac_cv_env_OPENSSL_CFLAGS_set=
ac_cv_env_OPENSSL_CFLAGS_value=
ac_cv_env_OPENSSL_LIBS_set=
ac_cv_env_OPENSSL_LIBS_value=
ac_cv_env_PKG_CONFIG_set=
ac_cv_env_PKG_CONFIG_value=
ac_cv_env_SDL_CFLAGS_set=
ac_cv_env_SDL_CFLAGS_value=
ac_cv_env_SDL_LIBS_set=
ac_cv_env_SDL_LIBS_value=
ac_cv_env_build_alias_set=set
ac_cv_env_build_alias_value=aarch64-unknown-linux-gnu
ac_cv_env_host_alias_set=
ac_cv_env_host_alias_value=
ac_cv_env_target_alias_set=
ac_cv_env_target_alias_value=
ac_cv_func_regcomp=yes
ac_cv_func_res_ninit=no
ac_cv_func_swab=yes
ac_cv_header_dlfcn_h=yes
ac_cv_header_expat_h=yes
ac_cv_header_inttypes_h=yes
ac_cv_header_ldap_h=no
ac_cv_header_memory_h=yes
ac_cv_header_openssl_aes_h=yes
ac_cv_header_regex_h=yes
ac_cv_header_sql_h=no
ac_cv_header_stdc=yes
ac_cv_header_stdint_h=yes
ac_cv_header_stdlib_h=yes
ac_cv_header_string_h=yes
ac_cv_header_strings_h=yes
ac_cv_header_sys_stat_h=yes
ac_cv_header_sys_types_h=yes
ac_cv_header_unistd_h=yes
ac_cv_host=aarch64-unknown-linux-gnu
ac_cv_lib_dl_dlopen=yes
ac_cv_lib_expat_XML_ParserCreate=yes
ac_cv_lib_pthread_pthread_create=yes
ac_cv_lib_pthread_sem_timedwait=yes
ac_cv_lib_rt_clock_gettime=yes
ac_cv_lib_sasl2_sasl_version=no
ac_cv_lib_sasl_sasl_client_out=no
ac_cv_objext=o
ac_cv_path_BISON=/usr/bin/bison
ac_cv_path_EGREP='/usr/bin/grep -E'
ac_cv_path_FLEX=/usr/bin/flex
ac_cv_path_GREP=/usr/bin/grep
ac_cv_path_ac_pt_PKG_CONFIG=/usr/bin/pkg-config
ac_cv_path_install='/usr/bin/install -c'
ac_cv_prog_CPP='gcc -E'
ac_cv_prog_CXXCPP='g++ -E'
ac_cv_prog_ac_ct_AR=ar
ac_cv_prog_ac_ct_CC=gcc
ac_cv_prog_ac_ct_CXX=g++
ac_cv_prog_cc_c89=
ac_cv_prog_cc_g=yes
ac_cv_prog_cxx_g=yes
ac_cv_sizeof_int=4
ac_cv_target=aarch64-unknown-linux-gnu
ac_cv_type_long_double_wider=yes
pkg_cv_OPENSSL_CFLAGS=
pkg_cv_OPENSSL_LIBS='-lssl -lcrypto'

## ----------------- ##
## Output variables. ##
## ----------------- ##

AR='ar'
BISON='/usr/bin/bison'
BUILD_NUMBER='0'
BUILD_TYPE='.'
CC='gcc'
CFLAGS='-g -O2'
CPP='gcc -E'
CPPFLAGS=''
CXX='g++'
CXXCPP='g++ -E'
CXXFLAGS='-g -O2'
DEBUG_FLAG='-g3 -ggdb -O0'
DEFS='-DHAVE_CONFIG_H'
DEV_PLUGIN_DIR='ptlib-2.8.0/devices'
ECHO_C=''
ECHO_N='-n'
ECHO_T=''
EGREP='/usr/bin/grep -E'
ENDLDLIBS=' -lpthread -lrt -lssl -lcrypto -lexpat  -lresolv -ldl'
EXEEXT=''
FLEX='/usr/bin/flex'
GREP='/usr/bin/grep'
HAS_APPSHARE=''
HAS_ASN='1'
HAS_AUDIO='1'
HAS_CONFIG_FILE='1'
HAS_DIRECTSHOW=''
HAS_DIRECTSOUND=''
HAS_DTMF='1'
HAS_EXCEPTIONS=''
HAS_EXPAT='1'
HAS_FFVDEV='1'
HAS_FTP='1'
HAS_HTTP='1'
HAS_HTTPFORMS='1'
HAS_HTTPSVC='1'
HAS_IPV6='1'
HAS_JABBER='1'
HAS_ODBC=''
HAS_OPENLDAP=''
HAS_OPENSSL='1'
HAS_PIPECHAN='1'
HAS_PLUGINS='1'
HAS_POP3SMTP='1'
HAS_QOS='1'
HAS_REGEX='1'
HAS_REMCONN='1'
HAS_RESOLVER='1'
HAS_SAMPLES=''
HAS_SASL2=''
HAS_SASL=''
HAS_SDL=''
HAS_SERIAL='1'
HAS_SHM_VIDEO='1'
HAS_SNMP='1'
HAS_SOAP='1'
HAS_SOCKS='1'
HAS_STUN='1'
HAS_TELNET='1'
HAS_TTS='1'
HAS_URL='1'
HAS_VFW_CAPTURE=''
HAS_VIDEO='1'
HAS_VIDEO_CAPTURE='1'
HAS_VIDFILE='1'
HAS_VXML='1'
HAS_WAVFILE='1'
HAS_XMLRPC='1'
INSTALL_DATA='${INSTALL} -m 644'
INSTALL_PROGRAM='${INSTALL}'
INSTALL_SCRIPT='${INSTALL}'
LDFLAGS=''
LIBDIR='${exec_prefix}/lib'
LIBOBJS=''
LIBS=''
LTLIBOBJS=''
MACHTYPE='aarch64'
MAJOR_VERSION='2'
MINOR_VERSION='8'
OBJEXT='o'
OPENSSL_CFLAGS=''
OPENSSL_LIBS='-lssl -lcrypto'
OPTSTDCCFLAGS=''
OSRELEASE='"5.4.0-144-generic"'
OSTYPE='linux'
PACKAGE_BUGREPORT=''
PACKAGE_NAME=''
PACKAGE_STRING=''
PACKAGE_TARNAME=''
PACKAGE_VERSION=''
PATH_SEPARATOR=':'
PKG_CONFIG='/usr/bin/pkg-config'
PTINSTDIR=''
PTLIBDIR='/home/amd/Documents/minx/ptlib/ptlib'
PTLIB_ASN='yes'
PTLIB_AUDIO='yes'
PTLIB_CONFIG_FILE='yes'
PTLIB_DTMF='yes'
PTLIB_EXPAT='yes'
PTLIB_FFVDEV='yes'
PTLIB_FTP='yes'
PTLIB_HTTP='yes'
PTLIB_HTTPFORMS='yes'
PTLIB_HTTPSVC='yes'
PTLIB_IPV6='yes'
PTLIB_JABBER='yes'
PTLIB_ODBC='no'
PTLIB_OPENLDAP='no'
PTLIB_OPENSSL='yes'
PTLIB_OPENSSL_AES='yes'
PTLIB_PIPECHAN='yes'
PTLIB_POP3SMTP='yes'
PTLIB_REGEX='yes'
PTLIB_REMCONN='yes'
PTLIB_RESOLVER='yes'
PTLIB_SASL2='no'
PTLIB_SASL='no'
PTLIB_SDL='no'
PTLIB_SERIAL='yes'
PTLIB_SHM_VIDEO='yes'
PTLIB_SNMP='yes'
PTLIB_SOAP='yes'
PTLIB_SOCKAGG='no'
PTLIB_SOCKS='yes'
PTLIB_STUN='yes'
PTLIB_TELNET='yes'
PTLIB_TTS='yes'
PTLIB_URL='yes'
PTLIB_VERSION='2.8.0'
PTLIB_VIDEO='yes'
PTLIB_VIDEO_CAPTURE='yes'
PTLIB_VIDFILE='yes'
PTLIB_VXML='yes'
PTLIB_WAVFILE='yes'
PTLIB_XMLRPC='yes'
P_STATIC_ENDLDLIBS=''
P_STATIC_LDFLAGS=''
SDL_CFLAGS=''
SDL_LIBS=''
SHAREDLIBEXT='so'
SHELL='/bin/bash'
STDCCFLAGS=' -DPTRACING=1 -D_REENTRANT    -fno-exceptions'
STDCXXFLAGS=' -felide-constructors -Wreorder'
TARGETDIR='unix'
USE_GCC='yes'
USE_PCH='1'
ac_ct_CC='gcc'
ac_ct_CXX='g++'
bindir='${exec_prefix}/bin'
build='aarch64-unknown-linux-gnu'
build_alias='aarch64-unknown-linux-gnu'
build_cpu='aarch64'
build_os='linux-gnu'
build_vendor='unknown'
datadir='${datarootdir}'
datarootdir='${prefix}/share'
docdir='${datarootdir}/doc/${PACKAGE}'
dvidir='${docdir}'
exec_prefix='${prefix}'
host='aarch64-unknown-linux-gnu'
host_alias=''
host_cpu='aarch64'
host_os='linux-gnu'
host_vendor='unknown'
htmldir='${docdir}'
includedir='${prefix}/include'
infodir='${datarootdir}/info'
libdir='${exec_prefix}/lib'
libexecdir='${exec_prefix}/libexec'
localedir='${datarootdir}/locale'
localstatedir='${prefix}/var'
mandir='${datarootdir}/man'
oldincludedir='/usr/include'
pdfdir='${docdir}'
prefix='/usr/local'
program_transform_name='s,x,x,'
psdir='${docdir}'
sbindir='${exec_prefix}/sbin'
sharedstatedir='${prefix}/com'
subdirs=' plugins'
sysconfdir='${prefix}/etc'
target='aarch64-unknown-linux-gnu'
target_alias=''
target_cpu='aarch64'
target_os='linux-gnu'
target_vendor='unknown'

## ----------- ##
## confdefs.h. ##
## ----------- ##

#define PACKAGE_NAME ""
#define PACKAGE_TARNAME ""
#define PACKAGE_VERSION ""
#define PACKAGE_STRING ""
#define PACKAGE_BUGREPORT ""
#define PTLIB_MAJOR 2
#define PTLIB_MINOR 8
#define PTLIB_BUILD 0
#define PTLIB_VERSION "2.8.0"
#define P_PTHREADS 1
#define USE_SYSTEM_SWAB /**/
#define P_LINUX "5.4.0-144-generic"
#define P_SHAREDLIBEXT $SHAREDLIBEXT
#define STDC_HEADERS 1
#define HAVE_SYS_TYPES_H 1
#define HAVE_SYS_STAT_H 1
#define HAVE_STDLIB_H 1
#define HAVE_STRING_H 1
#define HAVE_MEMORY_H 1
#define HAVE_STRINGS_H 1
#define HAVE_INTTYPES_H 1
#define HAVE_STDINT_H 1
#define HAVE_UNISTD_H 1
#define PBYTE_ORDER PLITTLE_ENDIAN
#define SIZEOF_INT 4
#define HAVE_LONG_DOUBLE_WIDER 1
#define HAVE_LONG_DOUBLE 1
#define P_HAS_POSIX_READDIR_R 3
#define P_USE_STANDARD_CXX_BOOL 1
#define P_HAS_RECVMSG 1
#define P_HAS_NETLINK 1
#define P_HAS_STL_STREAMS 1
#define P_HAS_ATOMIC_INT 1
#define P_NEEDS_GNU_CXX_NAMESPACE 1
#define P_HAS_SEMAPHORES 1
#define P_PTHREADS_XPG6 1
#define P_HAS_SEMAPHORES_XPG6 1
#define P_HAS_RECURSIVE_MUTEX 1
#define P_SETPGRP_NOPARM 1
#define HAVE_REGEX_H 1
#define P_REGEX 1
#define HAVE_DLFCN_H 1
#define P_DYNALINK 1
#define P_PLUGINS 1
#define P_DEFAULT_PLUGIN_DIR "/usr/local/lib/ptlib-2.8.0"
#define P_DNS 1
#define P_HAS_RES_NINIT 1
#define P_OSSL 1
#define HAVE_OPENSSL_AES_H 1
#define P_OSSL_AES 1
#define P_SSL_USE_CONST 1
#define HAVE_EXPAT_H 1
#define P_OEXPAT 1
#define P_HAS_IPV6 1
#define P_HAS_INET_NTOP 1
#define P_CONFIG_FILE 1
#define P_URL 1
#define P_HTTP 1
#define P_HTTPFORMS 1
#define P_HTTPSVC 1
#define P_JABBER 1
#define P_VXML 1
#define P_XMLRPC 1
#define P_SOAP 1
#define P_TTS 1
#define P_ASN 1
#define P_STUN 1
#define P_PIPECHAN 1
#define P_DTMF 1
#define P_SOCKS 1
#define P_FTP 1
#define P_SNMP 1
#define P_TELNET 1
#define P_REMCONN 1
#define P_SERIAL 1
#define P_POP3SMTP 1
#define P_AUDIO 1
#define P_WAVFILE 1
#define P_QOS 1
#define P_VIDEO 1
#define P_VIDFILE 1
#define P_FFVDEV 1
#define P_SHM_VIDEO 1

configure: exit 0
